<?xml version="1.0" encoding="UTF-8"?>
<!-- Generated by org.testng.reporters.JUnitReportReporter -->
<testsuite skipped="0" hostname="XIPLRAC036" name="testCase.TestCase1" tests="1" failures="0" timestamp="21 Feb 2019 07:11:10 GMT" time="25.954" errors="0">
  <testcase name="testCase1" time="25.954" classname="testCase.TestCase1"/>
</testsuite> <!-- testCase.TestCase1 -->
